sp.50k	../hw-lm/english_spanish/dev-test/english/length-10/en.10.30
en.50k	../hw-lm/english_spanish/dev-test/english/length-10/en.10.31
en.50k	../hw-lm/english_spanish/dev-test/english/length-10/en.10.32
en.50k	../hw-lm/english_spanish/dev-test/english/length-10/en.10.33
en.50k	../hw-lm/english_spanish/dev-test/english/length-10/en.10.34
en.50k	../hw-lm/english_spanish/dev-test/english/length-10/en.10.35
en.50k	../hw-lm/english_spanish/dev-test/english/length-10/en.10.36
sp.50k	../hw-lm/english_spanish/dev-test/english/length-10/en.10.37
sp.50k	../hw-lm/english_spanish/dev-test/english/length-10/en.10.38
sp.50k	../hw-lm/english_spanish/dev-test/english/length-10/en.10.39
en.50k	../hw-lm/english_spanish/dev-test/english/length-10/en.10.40
en.50k	../hw-lm/english_spanish/dev-test/english/length-10/en.10.41
en.50k	../hw-lm/english_spanish/dev-test/english/length-10/en.10.42
sp.50k	../hw-lm/english_spanish/dev-test/english/length-10/en.10.43
en.50k	../hw-lm/english_spanish/dev-test/english/length-10/en.10.44
sp.50k	../hw-lm/english_spanish/dev-test/english/length-10/en.10.45
en.50k	../hw-lm/english_spanish/dev-test/english/length-10/en.10.46
en.50k	../hw-lm/english_spanish/dev-test/english/length-10/en.10.47
en.50k	../hw-lm/english_spanish/dev-test/english/length-10/en.10.48
sp.50k	../hw-lm/english_spanish/dev-test/english/length-10/en.10.49
sp.50k	../hw-lm/english_spanish/dev-test/english/length-10/en.10.50
en.50k	../hw-lm/english_spanish/dev-test/english/length-10/en.10.51
en.50k	../hw-lm/english_spanish/dev-test/english/length-10/en.10.52
en.50k	../hw-lm/english_spanish/dev-test/english/length-10/en.10.53
en.50k	../hw-lm/english_spanish/dev-test/english/length-10/en.10.54
en.50k	../hw-lm/english_spanish/dev-test/english/length-10/en.10.55
sp.50k	../hw-lm/english_spanish/dev-test/english/length-10/en.10.56
sp.50k	../hw-lm/english_spanish/dev-test/english/length-10/en.10.57
sp.50k	../hw-lm/english_spanish/dev-test/english/length-10/en.10.58
en.50k	../hw-lm/english_spanish/dev-test/english/length-10/en.10.59
en.50k	../hw-lm/english_spanish/dev-test/english/length-10/en.10.60
en.50k	../hw-lm/english_spanish/dev-test/english/length-10/en.10.61
en.50k	../hw-lm/english_spanish/dev-test/english/length-10/en.10.62
en.50k	../hw-lm/english_spanish/dev-test/english/length-10/en.10.63
en.50k	../hw-lm/english_spanish/dev-test/english/length-10/en.10.64
en.50k	../hw-lm/english_spanish/dev-test/english/length-10/en.10.65
en.50k	../hw-lm/english_spanish/dev-test/english/length-10/en.10.66
en.50k	../hw-lm/english_spanish/dev-test/english/length-10/en.10.67
sp.50k	../hw-lm/english_spanish/dev-test/english/length-10/en.10.68
en.50k	../hw-lm/english_spanish/dev-test/english/length-10/en.10.69
en.50k	../hw-lm/english_spanish/dev-test/english/length-10/en.10.70
en.50k	../hw-lm/english_spanish/dev-test/english/length-10/en.10.71
en.50k	../hw-lm/english_spanish/dev-test/english/length-10/en.10.72
sp.50k	../hw-lm/english_spanish/dev-test/english/length-10/en.10.73
sp.50k	../hw-lm/english_spanish/dev-test/english/length-10/en.10.74
en.50k	../hw-lm/english_spanish/dev-test/english/length-10/en.10.75
sp.50k	../hw-lm/english_spanish/dev-test/english/length-10/en.10.76
en.50k	../hw-lm/english_spanish/dev-test/english/length-10/en.10.77
en.50k	../hw-lm/english_spanish/dev-test/english/length-10/en.10.78
sp.50k	../hw-lm/english_spanish/dev-test/english/length-10/en.10.79
en.50k	../hw-lm/english_spanish/dev-test/english/length-10/en.10.80
en.50k	../hw-lm/english_spanish/dev-test/english/length-10/en.10.81
en.50k	../hw-lm/english_spanish/dev-test/english/length-10/en.10.82
sp.50k	../hw-lm/english_spanish/dev-test/english/length-10/en.10.83
en.50k	../hw-lm/english_spanish/dev-test/english/length-10/en.10.84
en.50k	../hw-lm/english_spanish/dev-test/english/length-10/en.10.85
en.50k	../hw-lm/english_spanish/dev-test/english/length-10/en.10.86
en.50k	../hw-lm/english_spanish/dev-test/english/length-10/en.10.87
en.50k	../hw-lm/english_spanish/dev-test/english/length-10/en.10.88
sp.50k	../hw-lm/english_spanish/dev-test/english/length-10/en.10.89
en.50k	../hw-lm/english_spanish/dev-test/english/length-10/en.10.90
en.50k	../hw-lm/english_spanish/dev-test/english/length-10/en.10.91
en.50k	../hw-lm/english_spanish/dev-test/english/length-10/en.10.92
en.50k	../hw-lm/english_spanish/dev-test/english/length-10/en.10.93
en.50k	../hw-lm/english_spanish/dev-test/english/length-10/en.10.94
en.50k	../hw-lm/english_spanish/dev-test/english/length-10/en.10.95
en.50k	../hw-lm/english_spanish/dev-test/english/length-10/en.10.96
en.50k	../hw-lm/english_spanish/dev-test/english/length-10/en.10.97
sp.50k	../hw-lm/english_spanish/dev-test/english/length-10/en.10.98
en.50k	../hw-lm/english_spanish/dev-test/english/length-10/en.10.99
en.50k	../hw-lm/english_spanish/dev-test/english/length-100/en.100.30
en.50k	../hw-lm/english_spanish/dev-test/english/length-100/en.100.31
en.50k	../hw-lm/english_spanish/dev-test/english/length-100/en.100.32
en.50k	../hw-lm/english_spanish/dev-test/english/length-100/en.100.33
sp.50k	../hw-lm/english_spanish/dev-test/english/length-100/en.100.34
en.50k	../hw-lm/english_spanish/dev-test/english/length-100/en.100.35
en.50k	../hw-lm/english_spanish/dev-test/english/length-100/en.100.36
en.50k	../hw-lm/english_spanish/dev-test/english/length-100/en.100.37
en.50k	../hw-lm/english_spanish/dev-test/english/length-100/en.100.38
en.50k	../hw-lm/english_spanish/dev-test/english/length-100/en.100.39
en.50k	../hw-lm/english_spanish/dev-test/english/length-100/en.100.40
en.50k	../hw-lm/english_spanish/dev-test/english/length-100/en.100.41
en.50k	../hw-lm/english_spanish/dev-test/english/length-100/en.100.42
en.50k	../hw-lm/english_spanish/dev-test/english/length-100/en.100.43
en.50k	../hw-lm/english_spanish/dev-test/english/length-100/en.100.44
en.50k	../hw-lm/english_spanish/dev-test/english/length-100/en.100.45
en.50k	../hw-lm/english_spanish/dev-test/english/length-100/en.100.46
sp.50k	../hw-lm/english_spanish/dev-test/english/length-100/en.100.47
en.50k	../hw-lm/english_spanish/dev-test/english/length-100/en.100.48
en.50k	../hw-lm/english_spanish/dev-test/english/length-100/en.100.49
en.50k	../hw-lm/english_spanish/dev-test/english/length-100/en.100.50
en.50k	../hw-lm/english_spanish/dev-test/english/length-100/en.100.51
en.50k	../hw-lm/english_spanish/dev-test/english/length-100/en.100.52
en.50k	../hw-lm/english_spanish/dev-test/english/length-100/en.100.53
sp.50k	../hw-lm/english_spanish/dev-test/english/length-100/en.100.54
en.50k	../hw-lm/english_spanish/dev-test/english/length-100/en.100.55
en.50k	../hw-lm/english_spanish/dev-test/english/length-100/en.100.56
en.50k	../hw-lm/english_spanish/dev-test/english/length-100/en.100.57
sp.50k	../hw-lm/english_spanish/dev-test/english/length-100/en.100.58
en.50k	../hw-lm/english_spanish/dev-test/english/length-100/en.100.59
en.50k	../hw-lm/english_spanish/dev-test/english/length-100/en.100.60
en.50k	../hw-lm/english_spanish/dev-test/english/length-100/en.100.61
sp.50k	../hw-lm/english_spanish/dev-test/english/length-100/en.100.62
en.50k	../hw-lm/english_spanish/dev-test/english/length-100/en.100.63
en.50k	../hw-lm/english_spanish/dev-test/english/length-100/en.100.64
en.50k	../hw-lm/english_spanish/dev-test/english/length-100/en.100.65
en.50k	../hw-lm/english_spanish/dev-test/english/length-100/en.100.66
sp.50k	../hw-lm/english_spanish/dev-test/english/length-100/en.100.67
en.50k	../hw-lm/english_spanish/dev-test/english/length-100/en.100.68
sp.50k	../hw-lm/english_spanish/dev-test/english/length-100/en.100.69
en.50k	../hw-lm/english_spanish/dev-test/english/length-100/en.100.70
en.50k	../hw-lm/english_spanish/dev-test/english/length-100/en.100.71
en.50k	../hw-lm/english_spanish/dev-test/english/length-100/en.100.72
sp.50k	../hw-lm/english_spanish/dev-test/english/length-100/en.100.73
en.50k	../hw-lm/english_spanish/dev-test/english/length-100/en.100.74
sp.50k	../hw-lm/english_spanish/dev-test/english/length-100/en.100.75
en.50k	../hw-lm/english_spanish/dev-test/english/length-100/en.100.76
sp.50k	../hw-lm/english_spanish/dev-test/english/length-100/en.100.77
en.50k	../hw-lm/english_spanish/dev-test/english/length-100/en.100.78
en.50k	../hw-lm/english_spanish/dev-test/english/length-100/en.100.79
sp.50k	../hw-lm/english_spanish/dev-test/english/length-100/en.100.80
en.50k	../hw-lm/english_spanish/dev-test/english/length-100/en.100.81
en.50k	../hw-lm/english_spanish/dev-test/english/length-100/en.100.82
en.50k	../hw-lm/english_spanish/dev-test/english/length-100/en.100.83
sp.50k	../hw-lm/english_spanish/dev-test/english/length-100/en.100.84
en.50k	../hw-lm/english_spanish/dev-test/english/length-100/en.100.85
en.50k	../hw-lm/english_spanish/dev-test/english/length-100/en.100.86
en.50k	../hw-lm/english_spanish/dev-test/english/length-100/en.100.87
sp.50k	../hw-lm/english_spanish/dev-test/english/length-100/en.100.88
en.50k	../hw-lm/english_spanish/dev-test/english/length-100/en.100.89
en.50k	../hw-lm/english_spanish/dev-test/english/length-100/en.100.90
sp.50k	../hw-lm/english_spanish/dev-test/english/length-100/en.100.91
sp.50k	../hw-lm/english_spanish/dev-test/english/length-100/en.100.92
en.50k	../hw-lm/english_spanish/dev-test/english/length-100/en.100.93
en.50k	../hw-lm/english_spanish/dev-test/english/length-100/en.100.94
sp.50k	../hw-lm/english_spanish/dev-test/english/length-100/en.100.95
en.50k	../hw-lm/english_spanish/dev-test/english/length-100/en.100.96
en.50k	../hw-lm/english_spanish/dev-test/english/length-100/en.100.97
en.50k	../hw-lm/english_spanish/dev-test/english/length-100/en.100.98
en.50k	../hw-lm/english_spanish/dev-test/english/length-100/en.100.99
en.50k	../hw-lm/english_spanish/dev-test/english/length-20/en.20.30
en.50k	../hw-lm/english_spanish/dev-test/english/length-20/en.20.31
sp.50k	../hw-lm/english_spanish/dev-test/english/length-20/en.20.32
en.50k	../hw-lm/english_spanish/dev-test/english/length-20/en.20.33
en.50k	../hw-lm/english_spanish/dev-test/english/length-20/en.20.34
en.50k	../hw-lm/english_spanish/dev-test/english/length-20/en.20.35
en.50k	../hw-lm/english_spanish/dev-test/english/length-20/en.20.36
en.50k	../hw-lm/english_spanish/dev-test/english/length-20/en.20.37
en.50k	../hw-lm/english_spanish/dev-test/english/length-20/en.20.38
en.50k	../hw-lm/english_spanish/dev-test/english/length-20/en.20.39
en.50k	../hw-lm/english_spanish/dev-test/english/length-20/en.20.40
en.50k	../hw-lm/english_spanish/dev-test/english/length-20/en.20.41
sp.50k	../hw-lm/english_spanish/dev-test/english/length-20/en.20.42
en.50k	../hw-lm/english_spanish/dev-test/english/length-20/en.20.43
sp.50k	../hw-lm/english_spanish/dev-test/english/length-20/en.20.44
en.50k	../hw-lm/english_spanish/dev-test/english/length-20/en.20.45
en.50k	../hw-lm/english_spanish/dev-test/english/length-20/en.20.46
en.50k	../hw-lm/english_spanish/dev-test/english/length-20/en.20.47
en.50k	../hw-lm/english_spanish/dev-test/english/length-20/en.20.48
en.50k	../hw-lm/english_spanish/dev-test/english/length-20/en.20.49
en.50k	../hw-lm/english_spanish/dev-test/english/length-20/en.20.50
en.50k	../hw-lm/english_spanish/dev-test/english/length-20/en.20.51
sp.50k	../hw-lm/english_spanish/dev-test/english/length-20/en.20.52
en.50k	../hw-lm/english_spanish/dev-test/english/length-20/en.20.53
en.50k	../hw-lm/english_spanish/dev-test/english/length-20/en.20.54
en.50k	../hw-lm/english_spanish/dev-test/english/length-20/en.20.55
sp.50k	../hw-lm/english_spanish/dev-test/english/length-20/en.20.56
sp.50k	../hw-lm/english_spanish/dev-test/english/length-20/en.20.57
en.50k	../hw-lm/english_spanish/dev-test/english/length-20/en.20.58
en.50k	../hw-lm/english_spanish/dev-test/english/length-20/en.20.59
en.50k	../hw-lm/english_spanish/dev-test/english/length-20/en.20.60
en.50k	../hw-lm/english_spanish/dev-test/english/length-20/en.20.61
en.50k	../hw-lm/english_spanish/dev-test/english/length-20/en.20.62
en.50k	../hw-lm/english_spanish/dev-test/english/length-20/en.20.63
en.50k	../hw-lm/english_spanish/dev-test/english/length-20/en.20.64
sp.50k	../hw-lm/english_spanish/dev-test/english/length-20/en.20.65
en.50k	../hw-lm/english_spanish/dev-test/english/length-20/en.20.66
en.50k	../hw-lm/english_spanish/dev-test/english/length-20/en.20.67
en.50k	../hw-lm/english_spanish/dev-test/english/length-20/en.20.68
en.50k	../hw-lm/english_spanish/dev-test/english/length-20/en.20.69
en.50k	../hw-lm/english_spanish/dev-test/english/length-20/en.20.70
en.50k	../hw-lm/english_spanish/dev-test/english/length-20/en.20.71
en.50k	../hw-lm/english_spanish/dev-test/english/length-20/en.20.72
en.50k	../hw-lm/english_spanish/dev-test/english/length-20/en.20.73
en.50k	../hw-lm/english_spanish/dev-test/english/length-20/en.20.74
en.50k	../hw-lm/english_spanish/dev-test/english/length-20/en.20.75
en.50k	../hw-lm/english_spanish/dev-test/english/length-20/en.20.76
sp.50k	../hw-lm/english_spanish/dev-test/english/length-20/en.20.77
en.50k	../hw-lm/english_spanish/dev-test/english/length-20/en.20.78
en.50k	../hw-lm/english_spanish/dev-test/english/length-20/en.20.79
sp.50k	../hw-lm/english_spanish/dev-test/english/length-20/en.20.80
en.50k	../hw-lm/english_spanish/dev-test/english/length-20/en.20.81
en.50k	../hw-lm/english_spanish/dev-test/english/length-20/en.20.82
en.50k	../hw-lm/english_spanish/dev-test/english/length-20/en.20.83
en.50k	../hw-lm/english_spanish/dev-test/english/length-20/en.20.84
en.50k	../hw-lm/english_spanish/dev-test/english/length-20/en.20.85
en.50k	../hw-lm/english_spanish/dev-test/english/length-20/en.20.86
en.50k	../hw-lm/english_spanish/dev-test/english/length-20/en.20.87
sp.50k	../hw-lm/english_spanish/dev-test/english/length-20/en.20.88
sp.50k	../hw-lm/english_spanish/dev-test/english/length-20/en.20.89
sp.50k	../hw-lm/english_spanish/dev-test/english/length-20/en.20.90
sp.50k	../hw-lm/english_spanish/dev-test/english/length-20/en.20.91
en.50k	../hw-lm/english_spanish/dev-test/english/length-20/en.20.92
en.50k	../hw-lm/english_spanish/dev-test/english/length-20/en.20.93
en.50k	../hw-lm/english_spanish/dev-test/english/length-20/en.20.94
en.50k	../hw-lm/english_spanish/dev-test/english/length-20/en.20.95
en.50k	../hw-lm/english_spanish/dev-test/english/length-20/en.20.96
sp.50k	../hw-lm/english_spanish/dev-test/english/length-20/en.20.97
en.50k	../hw-lm/english_spanish/dev-test/english/length-20/en.20.98
en.50k	../hw-lm/english_spanish/dev-test/english/length-20/en.20.99
en.50k	../hw-lm/english_spanish/dev-test/english/length-200/en.200.30
sp.50k	../hw-lm/english_spanish/dev-test/english/length-200/en.200.31
en.50k	../hw-lm/english_spanish/dev-test/english/length-200/en.200.32
en.50k	../hw-lm/english_spanish/dev-test/english/length-200/en.200.33
sp.50k	../hw-lm/english_spanish/dev-test/english/length-200/en.200.34
en.50k	../hw-lm/english_spanish/dev-test/english/length-200/en.200.35
en.50k	../hw-lm/english_spanish/dev-test/english/length-200/en.200.36
en.50k	../hw-lm/english_spanish/dev-test/english/length-200/en.200.37
en.50k	../hw-lm/english_spanish/dev-test/english/length-200/en.200.38
en.50k	../hw-lm/english_spanish/dev-test/english/length-200/en.200.39
en.50k	../hw-lm/english_spanish/dev-test/english/length-200/en.200.40
en.50k	../hw-lm/english_spanish/dev-test/english/length-200/en.200.41
sp.50k	../hw-lm/english_spanish/dev-test/english/length-200/en.200.42
sp.50k	../hw-lm/english_spanish/dev-test/english/length-200/en.200.43
en.50k	../hw-lm/english_spanish/dev-test/english/length-200/en.200.44
sp.50k	../hw-lm/english_spanish/dev-test/english/length-200/en.200.45
sp.50k	../hw-lm/english_spanish/dev-test/english/length-200/en.200.46
en.50k	../hw-lm/english_spanish/dev-test/english/length-200/en.200.47
en.50k	../hw-lm/english_spanish/dev-test/english/length-200/en.200.48
en.50k	../hw-lm/english_spanish/dev-test/english/length-200/en.200.49
en.50k	../hw-lm/english_spanish/dev-test/english/length-200/en.200.50
sp.50k	../hw-lm/english_spanish/dev-test/english/length-200/en.200.51
sp.50k	../hw-lm/english_spanish/dev-test/english/length-200/en.200.52
en.50k	../hw-lm/english_spanish/dev-test/english/length-200/en.200.53
sp.50k	../hw-lm/english_spanish/dev-test/english/length-200/en.200.54
en.50k	../hw-lm/english_spanish/dev-test/english/length-200/en.200.55
en.50k	../hw-lm/english_spanish/dev-test/english/length-200/en.200.56
en.50k	../hw-lm/english_spanish/dev-test/english/length-200/en.200.57
en.50k	../hw-lm/english_spanish/dev-test/english/length-200/en.200.58
en.50k	../hw-lm/english_spanish/dev-test/english/length-200/en.200.59
en.50k	../hw-lm/english_spanish/dev-test/english/length-200/en.200.60
en.50k	../hw-lm/english_spanish/dev-test/english/length-200/en.200.61
sp.50k	../hw-lm/english_spanish/dev-test/english/length-200/en.200.62
sp.50k	../hw-lm/english_spanish/dev-test/english/length-200/en.200.63
en.50k	../hw-lm/english_spanish/dev-test/english/length-200/en.200.64
en.50k	../hw-lm/english_spanish/dev-test/english/length-200/en.200.65
sp.50k	../hw-lm/english_spanish/dev-test/english/length-200/en.200.66
en.50k	../hw-lm/english_spanish/dev-test/english/length-200/en.200.67
en.50k	../hw-lm/english_spanish/dev-test/english/length-200/en.200.68
en.50k	../hw-lm/english_spanish/dev-test/english/length-200/en.200.69
en.50k	../hw-lm/english_spanish/dev-test/english/length-200/en.200.70
en.50k	../hw-lm/english_spanish/dev-test/english/length-200/en.200.71
en.50k	../hw-lm/english_spanish/dev-test/english/length-200/en.200.72
en.50k	../hw-lm/english_spanish/dev-test/english/length-200/en.200.73
en.50k	../hw-lm/english_spanish/dev-test/english/length-200/en.200.74
en.50k	../hw-lm/english_spanish/dev-test/english/length-200/en.200.75
en.50k	../hw-lm/english_spanish/dev-test/english/length-200/en.200.76
en.50k	../hw-lm/english_spanish/dev-test/english/length-200/en.200.77
en.50k	../hw-lm/english_spanish/dev-test/english/length-200/en.200.78
en.50k	../hw-lm/english_spanish/dev-test/english/length-200/en.200.79
en.50k	../hw-lm/english_spanish/dev-test/english/length-200/en.200.80
en.50k	../hw-lm/english_spanish/dev-test/english/length-200/en.200.81
en.50k	../hw-lm/english_spanish/dev-test/english/length-200/en.200.82
en.50k	../hw-lm/english_spanish/dev-test/english/length-200/en.200.83
sp.50k	../hw-lm/english_spanish/dev-test/english/length-200/en.200.84
en.50k	../hw-lm/english_spanish/dev-test/english/length-200/en.200.85
en.50k	../hw-lm/english_spanish/dev-test/english/length-200/en.200.86
en.50k	../hw-lm/english_spanish/dev-test/english/length-200/en.200.87
en.50k	../hw-lm/english_spanish/dev-test/english/length-200/en.200.88
sp.50k	../hw-lm/english_spanish/dev-test/english/length-200/en.200.89
en.50k	../hw-lm/english_spanish/dev-test/english/length-200/en.200.90
en.50k	../hw-lm/english_spanish/dev-test/english/length-200/en.200.91
en.50k	../hw-lm/english_spanish/dev-test/english/length-200/en.200.92
en.50k	../hw-lm/english_spanish/dev-test/english/length-200/en.200.93
en.50k	../hw-lm/english_spanish/dev-test/english/length-200/en.200.94
sp.50k	../hw-lm/english_spanish/dev-test/english/length-200/en.200.95
sp.50k	../hw-lm/english_spanish/dev-test/english/length-200/en.200.96
en.50k	../hw-lm/english_spanish/dev-test/english/length-200/en.200.97
en.50k	../hw-lm/english_spanish/dev-test/english/length-200/en.200.98
en.50k	../hw-lm/english_spanish/dev-test/english/length-200/en.200.99
en.50k	../hw-lm/english_spanish/dev-test/english/length-50/en.50.30
sp.50k	../hw-lm/english_spanish/dev-test/english/length-50/en.50.31
en.50k	../hw-lm/english_spanish/dev-test/english/length-50/en.50.32
en.50k	../hw-lm/english_spanish/dev-test/english/length-50/en.50.33
sp.50k	../hw-lm/english_spanish/dev-test/english/length-50/en.50.34
en.50k	../hw-lm/english_spanish/dev-test/english/length-50/en.50.35
en.50k	../hw-lm/english_spanish/dev-test/english/length-50/en.50.36
en.50k	../hw-lm/english_spanish/dev-test/english/length-50/en.50.37
en.50k	../hw-lm/english_spanish/dev-test/english/length-50/en.50.38
en.50k	../hw-lm/english_spanish/dev-test/english/length-50/en.50.39
sp.50k	../hw-lm/english_spanish/dev-test/english/length-50/en.50.40
en.50k	../hw-lm/english_spanish/dev-test/english/length-50/en.50.41
en.50k	../hw-lm/english_spanish/dev-test/english/length-50/en.50.42
en.50k	../hw-lm/english_spanish/dev-test/english/length-50/en.50.43
en.50k	../hw-lm/english_spanish/dev-test/english/length-50/en.50.44
sp.50k	../hw-lm/english_spanish/dev-test/english/length-50/en.50.45
en.50k	../hw-lm/english_spanish/dev-test/english/length-50/en.50.46
en.50k	../hw-lm/english_spanish/dev-test/english/length-50/en.50.47
en.50k	../hw-lm/english_spanish/dev-test/english/length-50/en.50.48
en.50k	../hw-lm/english_spanish/dev-test/english/length-50/en.50.49
en.50k	../hw-lm/english_spanish/dev-test/english/length-50/en.50.50
sp.50k	../hw-lm/english_spanish/dev-test/english/length-50/en.50.51
en.50k	../hw-lm/english_spanish/dev-test/english/length-50/en.50.52
en.50k	../hw-lm/english_spanish/dev-test/english/length-50/en.50.53
en.50k	../hw-lm/english_spanish/dev-test/english/length-50/en.50.54
en.50k	../hw-lm/english_spanish/dev-test/english/length-50/en.50.55
en.50k	../hw-lm/english_spanish/dev-test/english/length-50/en.50.56
en.50k	../hw-lm/english_spanish/dev-test/english/length-50/en.50.57
en.50k	../hw-lm/english_spanish/dev-test/english/length-50/en.50.58
en.50k	../hw-lm/english_spanish/dev-test/english/length-50/en.50.59
en.50k	../hw-lm/english_spanish/dev-test/english/length-50/en.50.60
en.50k	../hw-lm/english_spanish/dev-test/english/length-50/en.50.61
en.50k	../hw-lm/english_spanish/dev-test/english/length-50/en.50.62
en.50k	../hw-lm/english_spanish/dev-test/english/length-50/en.50.63
en.50k	../hw-lm/english_spanish/dev-test/english/length-50/en.50.64
en.50k	../hw-lm/english_spanish/dev-test/english/length-50/en.50.65
en.50k	../hw-lm/english_spanish/dev-test/english/length-50/en.50.66
en.50k	../hw-lm/english_spanish/dev-test/english/length-50/en.50.67
sp.50k	../hw-lm/english_spanish/dev-test/english/length-50/en.50.68
en.50k	../hw-lm/english_spanish/dev-test/english/length-50/en.50.69
en.50k	../hw-lm/english_spanish/dev-test/english/length-50/en.50.70
sp.50k	../hw-lm/english_spanish/dev-test/english/length-50/en.50.71
en.50k	../hw-lm/english_spanish/dev-test/english/length-50/en.50.72
en.50k	../hw-lm/english_spanish/dev-test/english/length-50/en.50.73
en.50k	../hw-lm/english_spanish/dev-test/english/length-50/en.50.74
en.50k	../hw-lm/english_spanish/dev-test/english/length-50/en.50.75
en.50k	../hw-lm/english_spanish/dev-test/english/length-50/en.50.76
en.50k	../hw-lm/english_spanish/dev-test/english/length-50/en.50.77
en.50k	../hw-lm/english_spanish/dev-test/english/length-50/en.50.78
en.50k	../hw-lm/english_spanish/dev-test/english/length-50/en.50.79
en.50k	../hw-lm/english_spanish/dev-test/english/length-50/en.50.80
en.50k	../hw-lm/english_spanish/dev-test/english/length-50/en.50.81
sp.50k	../hw-lm/english_spanish/dev-test/english/length-50/en.50.82
en.50k	../hw-lm/english_spanish/dev-test/english/length-50/en.50.83
en.50k	../hw-lm/english_spanish/dev-test/english/length-50/en.50.84
sp.50k	../hw-lm/english_spanish/dev-test/english/length-50/en.50.85
en.50k	../hw-lm/english_spanish/dev-test/english/length-50/en.50.86
en.50k	../hw-lm/english_spanish/dev-test/english/length-50/en.50.87
en.50k	../hw-lm/english_spanish/dev-test/english/length-50/en.50.88
sp.50k	../hw-lm/english_spanish/dev-test/english/length-50/en.50.89
en.50k	../hw-lm/english_spanish/dev-test/english/length-50/en.50.90
en.50k	../hw-lm/english_spanish/dev-test/english/length-50/en.50.91
en.50k	../hw-lm/english_spanish/dev-test/english/length-50/en.50.92
sp.50k	../hw-lm/english_spanish/dev-test/english/length-50/en.50.93
en.50k	../hw-lm/english_spanish/dev-test/english/length-50/en.50.94
en.50k	../hw-lm/english_spanish/dev-test/english/length-50/en.50.95
en.50k	../hw-lm/english_spanish/dev-test/english/length-50/en.50.96
en.50k	../hw-lm/english_spanish/dev-test/english/length-50/en.50.97
en.50k	../hw-lm/english_spanish/dev-test/english/length-50/en.50.98
en.50k	../hw-lm/english_spanish/dev-test/english/length-50/en.50.99
en.50k	../hw-lm/english_spanish/dev-test/english/length-500/en.500.30
en.50k	../hw-lm/english_spanish/dev-test/english/length-500/en.500.31
en.50k	../hw-lm/english_spanish/dev-test/english/length-500/en.500.32
en.50k	../hw-lm/english_spanish/dev-test/english/length-500/en.500.33
en.50k	../hw-lm/english_spanish/dev-test/english/length-500/en.500.34
en.50k	../hw-lm/english_spanish/dev-test/english/length-500/en.500.35
en.50k	../hw-lm/english_spanish/dev-test/english/length-500/en.500.36
en.50k	../hw-lm/english_spanish/dev-test/english/length-500/en.500.37
en.50k	../hw-lm/english_spanish/dev-test/english/length-500/en.500.38
en.50k	../hw-lm/english_spanish/dev-test/english/length-500/en.500.39
en.50k	../hw-lm/english_spanish/dev-test/english/length-500/en.500.40
en.50k	../hw-lm/english_spanish/dev-test/english/length-500/en.500.41
en.50k	../hw-lm/english_spanish/dev-test/english/length-500/en.500.42
en.50k	../hw-lm/english_spanish/dev-test/english/length-500/en.500.43
en.50k	../hw-lm/english_spanish/dev-test/english/length-500/en.500.44
en.50k	../hw-lm/english_spanish/dev-test/english/length-500/en.500.45
en.50k	../hw-lm/english_spanish/dev-test/english/length-500/en.500.46
sp.50k	../hw-lm/english_spanish/dev-test/english/length-500/en.500.47
en.50k	../hw-lm/english_spanish/dev-test/english/length-500/en.500.48
sp.50k	../hw-lm/english_spanish/dev-test/english/length-500/en.500.49
en.50k	../hw-lm/english_spanish/dev-test/spanish/length-10/sp.10.30
sp.50k	../hw-lm/english_spanish/dev-test/spanish/length-10/sp.10.31
en.50k	../hw-lm/english_spanish/dev-test/spanish/length-10/sp.10.32
sp.50k	../hw-lm/english_spanish/dev-test/spanish/length-10/sp.10.33
en.50k	../hw-lm/english_spanish/dev-test/spanish/length-10/sp.10.34
en.50k	../hw-lm/english_spanish/dev-test/spanish/length-10/sp.10.35
en.50k	../hw-lm/english_spanish/dev-test/spanish/length-10/sp.10.36
sp.50k	../hw-lm/english_spanish/dev-test/spanish/length-10/sp.10.37
sp.50k	../hw-lm/english_spanish/dev-test/spanish/length-10/sp.10.38
en.50k	../hw-lm/english_spanish/dev-test/spanish/length-10/sp.10.39
en.50k	../hw-lm/english_spanish/dev-test/spanish/length-10/sp.10.40
en.50k	../hw-lm/english_spanish/dev-test/spanish/length-10/sp.10.41
sp.50k	../hw-lm/english_spanish/dev-test/spanish/length-10/sp.10.42
sp.50k	../hw-lm/english_spanish/dev-test/spanish/length-10/sp.10.43
sp.50k	../hw-lm/english_spanish/dev-test/spanish/length-10/sp.10.44
en.50k	../hw-lm/english_spanish/dev-test/spanish/length-10/sp.10.45
sp.50k	../hw-lm/english_spanish/dev-test/spanish/length-10/sp.10.46
sp.50k	../hw-lm/english_spanish/dev-test/spanish/length-10/sp.10.47
sp.50k	../hw-lm/english_spanish/dev-test/spanish/length-10/sp.10.48
sp.50k	../hw-lm/english_spanish/dev-test/spanish/length-10/sp.10.49
en.50k	../hw-lm/english_spanish/dev-test/spanish/length-10/sp.10.50
sp.50k	../hw-lm/english_spanish/dev-test/spanish/length-10/sp.10.51
sp.50k	../hw-lm/english_spanish/dev-test/spanish/length-10/sp.10.52
en.50k	../hw-lm/english_spanish/dev-test/spanish/length-10/sp.10.53
sp.50k	../hw-lm/english_spanish/dev-test/spanish/length-10/sp.10.54
en.50k	../hw-lm/english_spanish/dev-test/spanish/length-10/sp.10.55
sp.50k	../hw-lm/english_spanish/dev-test/spanish/length-10/sp.10.56
en.50k	../hw-lm/english_spanish/dev-test/spanish/length-10/sp.10.57
en.50k	../hw-lm/english_spanish/dev-test/spanish/length-10/sp.10.58
sp.50k	../hw-lm/english_spanish/dev-test/spanish/length-10/sp.10.59
en.50k	../hw-lm/english_spanish/dev-test/spanish/length-10/sp.10.60
sp.50k	../hw-lm/english_spanish/dev-test/spanish/length-10/sp.10.61
en.50k	../hw-lm/english_spanish/dev-test/spanish/length-10/sp.10.62
en.50k	../hw-lm/english_spanish/dev-test/spanish/length-10/sp.10.63
en.50k	../hw-lm/english_spanish/dev-test/spanish/length-10/sp.10.64
sp.50k	../hw-lm/english_spanish/dev-test/spanish/length-10/sp.10.65
sp.50k	../hw-lm/english_spanish/dev-test/spanish/length-10/sp.10.66
sp.50k	../hw-lm/english_spanish/dev-test/spanish/length-10/sp.10.67
en.50k	../hw-lm/english_spanish/dev-test/spanish/length-10/sp.10.68
sp.50k	../hw-lm/english_spanish/dev-test/spanish/length-10/sp.10.69
en.50k	../hw-lm/english_spanish/dev-test/spanish/length-10/sp.10.70
en.50k	../hw-lm/english_spanish/dev-test/spanish/length-10/sp.10.71
sp.50k	../hw-lm/english_spanish/dev-test/spanish/length-10/sp.10.72
en.50k	../hw-lm/english_spanish/dev-test/spanish/length-10/sp.10.73
en.50k	../hw-lm/english_spanish/dev-test/spanish/length-10/sp.10.74
en.50k	../hw-lm/english_spanish/dev-test/spanish/length-10/sp.10.75
en.50k	../hw-lm/english_spanish/dev-test/spanish/length-10/sp.10.76
en.50k	../hw-lm/english_spanish/dev-test/spanish/length-10/sp.10.77
en.50k	../hw-lm/english_spanish/dev-test/spanish/length-10/sp.10.78
en.50k	../hw-lm/english_spanish/dev-test/spanish/length-10/sp.10.79
sp.50k	../hw-lm/english_spanish/dev-test/spanish/length-10/sp.10.80
sp.50k	../hw-lm/english_spanish/dev-test/spanish/length-10/sp.10.81
en.50k	../hw-lm/english_spanish/dev-test/spanish/length-10/sp.10.82
en.50k	../hw-lm/english_spanish/dev-test/spanish/length-10/sp.10.83
en.50k	../hw-lm/english_spanish/dev-test/spanish/length-10/sp.10.84
en.50k	../hw-lm/english_spanish/dev-test/spanish/length-10/sp.10.85
en.50k	../hw-lm/english_spanish/dev-test/spanish/length-10/sp.10.86
sp.50k	../hw-lm/english_spanish/dev-test/spanish/length-10/sp.10.87
en.50k	../hw-lm/english_spanish/dev-test/spanish/length-10/sp.10.88
sp.50k	../hw-lm/english_spanish/dev-test/spanish/length-10/sp.10.89
en.50k	../hw-lm/english_spanish/dev-test/spanish/length-10/sp.10.90
sp.50k	../hw-lm/english_spanish/dev-test/spanish/length-10/sp.10.91
en.50k	../hw-lm/english_spanish/dev-test/spanish/length-10/sp.10.92
en.50k	../hw-lm/english_spanish/dev-test/spanish/length-10/sp.10.93
en.50k	../hw-lm/english_spanish/dev-test/spanish/length-10/sp.10.94
sp.50k	../hw-lm/english_spanish/dev-test/spanish/length-10/sp.10.95
en.50k	../hw-lm/english_spanish/dev-test/spanish/length-10/sp.10.96
en.50k	../hw-lm/english_spanish/dev-test/spanish/length-10/sp.10.97
sp.50k	../hw-lm/english_spanish/dev-test/spanish/length-10/sp.10.98
sp.50k	../hw-lm/english_spanish/dev-test/spanish/length-10/sp.10.99
sp.50k	../hw-lm/english_spanish/dev-test/spanish/length-100/sp.100.30
sp.50k	../hw-lm/english_spanish/dev-test/spanish/length-100/sp.100.31
sp.50k	../hw-lm/english_spanish/dev-test/spanish/length-100/sp.100.32
sp.50k	../hw-lm/english_spanish/dev-test/spanish/length-100/sp.100.33
sp.50k	../hw-lm/english_spanish/dev-test/spanish/length-100/sp.100.34
sp.50k	../hw-lm/english_spanish/dev-test/spanish/length-100/sp.100.35
sp.50k	../hw-lm/english_spanish/dev-test/spanish/length-100/sp.100.36
sp.50k	../hw-lm/english_spanish/dev-test/spanish/length-100/sp.100.37
sp.50k	../hw-lm/english_spanish/dev-test/spanish/length-100/sp.100.38
sp.50k	../hw-lm/english_spanish/dev-test/spanish/length-100/sp.100.39
sp.50k	../hw-lm/english_spanish/dev-test/spanish/length-100/sp.100.40
sp.50k	../hw-lm/english_spanish/dev-test/spanish/length-100/sp.100.41
sp.50k	../hw-lm/english_spanish/dev-test/spanish/length-100/sp.100.42
sp.50k	../hw-lm/english_spanish/dev-test/spanish/length-100/sp.100.43
sp.50k	../hw-lm/english_spanish/dev-test/spanish/length-100/sp.100.44
sp.50k	../hw-lm/english_spanish/dev-test/spanish/length-100/sp.100.45
sp.50k	../hw-lm/english_spanish/dev-test/spanish/length-100/sp.100.46
sp.50k	../hw-lm/english_spanish/dev-test/spanish/length-100/sp.100.47
sp.50k	../hw-lm/english_spanish/dev-test/spanish/length-100/sp.100.48
sp.50k	../hw-lm/english_spanish/dev-test/spanish/length-100/sp.100.49
sp.50k	../hw-lm/english_spanish/dev-test/spanish/length-100/sp.100.50
sp.50k	../hw-lm/english_spanish/dev-test/spanish/length-100/sp.100.51
sp.50k	../hw-lm/english_spanish/dev-test/spanish/length-100/sp.100.52
sp.50k	../hw-lm/english_spanish/dev-test/spanish/length-100/sp.100.53
sp.50k	../hw-lm/english_spanish/dev-test/spanish/length-100/sp.100.54
sp.50k	../hw-lm/english_spanish/dev-test/spanish/length-100/sp.100.55
sp.50k	../hw-lm/english_spanish/dev-test/spanish/length-100/sp.100.56
sp.50k	../hw-lm/english_spanish/dev-test/spanish/length-100/sp.100.57
sp.50k	../hw-lm/english_spanish/dev-test/spanish/length-100/sp.100.58
sp.50k	../hw-lm/english_spanish/dev-test/spanish/length-100/sp.100.59
sp.50k	../hw-lm/english_spanish/dev-test/spanish/length-100/sp.100.60
sp.50k	../hw-lm/english_spanish/dev-test/spanish/length-100/sp.100.61
sp.50k	../hw-lm/english_spanish/dev-test/spanish/length-100/sp.100.62
sp.50k	../hw-lm/english_spanish/dev-test/spanish/length-100/sp.100.63
sp.50k	../hw-lm/english_spanish/dev-test/spanish/length-100/sp.100.64
sp.50k	../hw-lm/english_spanish/dev-test/spanish/length-100/sp.100.65
sp.50k	../hw-lm/english_spanish/dev-test/spanish/length-100/sp.100.66
sp.50k	../hw-lm/english_spanish/dev-test/spanish/length-100/sp.100.67
sp.50k	../hw-lm/english_spanish/dev-test/spanish/length-100/sp.100.68
sp.50k	../hw-lm/english_spanish/dev-test/spanish/length-100/sp.100.69
sp.50k	../hw-lm/english_spanish/dev-test/spanish/length-100/sp.100.70
sp.50k	../hw-lm/english_spanish/dev-test/spanish/length-100/sp.100.71
sp.50k	../hw-lm/english_spanish/dev-test/spanish/length-100/sp.100.72
sp.50k	../hw-lm/english_spanish/dev-test/spanish/length-100/sp.100.73
sp.50k	../hw-lm/english_spanish/dev-test/spanish/length-100/sp.100.74
sp.50k	../hw-lm/english_spanish/dev-test/spanish/length-100/sp.100.75
sp.50k	../hw-lm/english_spanish/dev-test/spanish/length-100/sp.100.76
sp.50k	../hw-lm/english_spanish/dev-test/spanish/length-100/sp.100.77
sp.50k	../hw-lm/english_spanish/dev-test/spanish/length-100/sp.100.79
sp.50k	../hw-lm/english_spanish/dev-test/spanish/length-100/sp.100.80
sp.50k	../hw-lm/english_spanish/dev-test/spanish/length-100/sp.100.81
sp.50k	../hw-lm/english_spanish/dev-test/spanish/length-100/sp.100.82
sp.50k	../hw-lm/english_spanish/dev-test/spanish/length-100/sp.100.83
sp.50k	../hw-lm/english_spanish/dev-test/spanish/length-100/sp.100.84
sp.50k	../hw-lm/english_spanish/dev-test/spanish/length-100/sp.100.85
sp.50k	../hw-lm/english_spanish/dev-test/spanish/length-100/sp.100.86
sp.50k	../hw-lm/english_spanish/dev-test/spanish/length-100/sp.100.87
en.50k	../hw-lm/english_spanish/dev-test/spanish/length-100/sp.100.88
sp.50k	../hw-lm/english_spanish/dev-test/spanish/length-100/sp.100.89
sp.50k	../hw-lm/english_spanish/dev-test/spanish/length-100/sp.100.90
sp.50k	../hw-lm/english_spanish/dev-test/spanish/length-100/sp.100.91
sp.50k	../hw-lm/english_spanish/dev-test/spanish/length-100/sp.100.92
sp.50k	../hw-lm/english_spanish/dev-test/spanish/length-100/sp.100.93
sp.50k	../hw-lm/english_spanish/dev-test/spanish/length-100/sp.100.94
sp.50k	../hw-lm/english_spanish/dev-test/spanish/length-100/sp.100.95
sp.50k	../hw-lm/english_spanish/dev-test/spanish/length-100/sp.100.96
sp.50k	../hw-lm/english_spanish/dev-test/spanish/length-100/sp.100.97
sp.50k	../hw-lm/english_spanish/dev-test/spanish/length-100/sp.100.98
sp.50k	../hw-lm/english_spanish/dev-test/spanish/length-100/sp.100.99
sp.50k	../hw-lm/english_spanish/dev-test/spanish/length-20/sp.20.30
sp.50k	../hw-lm/english_spanish/dev-test/spanish/length-20/sp.20.31
sp.50k	../hw-lm/english_spanish/dev-test/spanish/length-20/sp.20.32
en.50k	../hw-lm/english_spanish/dev-test/spanish/length-20/sp.20.33
sp.50k	../hw-lm/english_spanish/dev-test/spanish/length-20/sp.20.34
sp.50k	../hw-lm/english_spanish/dev-test/spanish/length-20/sp.20.35
sp.50k	../hw-lm/english_spanish/dev-test/spanish/length-20/sp.20.36
sp.50k	../hw-lm/english_spanish/dev-test/spanish/length-20/sp.20.37
sp.50k	../hw-lm/english_spanish/dev-test/spanish/length-20/sp.20.38
sp.50k	../hw-lm/english_spanish/dev-test/spanish/length-20/sp.20.39
sp.50k	../hw-lm/english_spanish/dev-test/spanish/length-20/sp.20.40
sp.50k	../hw-lm/english_spanish/dev-test/spanish/length-20/sp.20.41
sp.50k	../hw-lm/english_spanish/dev-test/spanish/length-20/sp.20.42
sp.50k	../hw-lm/english_spanish/dev-test/spanish/length-20/sp.20.43
sp.50k	../hw-lm/english_spanish/dev-test/spanish/length-20/sp.20.44
en.50k	../hw-lm/english_spanish/dev-test/spanish/length-20/sp.20.45
sp.50k	../hw-lm/english_spanish/dev-test/spanish/length-20/sp.20.46
sp.50k	../hw-lm/english_spanish/dev-test/spanish/length-20/sp.20.47
sp.50k	../hw-lm/english_spanish/dev-test/spanish/length-20/sp.20.48
sp.50k	../hw-lm/english_spanish/dev-test/spanish/length-20/sp.20.49
sp.50k	../hw-lm/english_spanish/dev-test/spanish/length-20/sp.20.50
sp.50k	../hw-lm/english_spanish/dev-test/spanish/length-20/sp.20.51
sp.50k	../hw-lm/english_spanish/dev-test/spanish/length-20/sp.20.52
en.50k	../hw-lm/english_spanish/dev-test/spanish/length-20/sp.20.53
sp.50k	../hw-lm/english_spanish/dev-test/spanish/length-20/sp.20.54
sp.50k	../hw-lm/english_spanish/dev-test/spanish/length-20/sp.20.55
sp.50k	../hw-lm/english_spanish/dev-test/spanish/length-20/sp.20.56
sp.50k	../hw-lm/english_spanish/dev-test/spanish/length-20/sp.20.57
sp.50k	../hw-lm/english_spanish/dev-test/spanish/length-20/sp.20.58
sp.50k	../hw-lm/english_spanish/dev-test/spanish/length-20/sp.20.59
sp.50k	../hw-lm/english_spanish/dev-test/spanish/length-20/sp.20.60
sp.50k	../hw-lm/english_spanish/dev-test/spanish/length-20/sp.20.61
sp.50k	../hw-lm/english_spanish/dev-test/spanish/length-20/sp.20.62
sp.50k	../hw-lm/english_spanish/dev-test/spanish/length-20/sp.20.63
sp.50k	../hw-lm/english_spanish/dev-test/spanish/length-20/sp.20.64
sp.50k	../hw-lm/english_spanish/dev-test/spanish/length-20/sp.20.65
sp.50k	../hw-lm/english_spanish/dev-test/spanish/length-20/sp.20.66
en.50k	../hw-lm/english_spanish/dev-test/spanish/length-20/sp.20.67
sp.50k	../hw-lm/english_spanish/dev-test/spanish/length-20/sp.20.68
sp.50k	../hw-lm/english_spanish/dev-test/spanish/length-20/sp.20.69
sp.50k	../hw-lm/english_spanish/dev-test/spanish/length-20/sp.20.70
en.50k	../hw-lm/english_spanish/dev-test/spanish/length-20/sp.20.71
sp.50k	../hw-lm/english_spanish/dev-test/spanish/length-20/sp.20.72
en.50k	../hw-lm/english_spanish/dev-test/spanish/length-20/sp.20.73
sp.50k	../hw-lm/english_spanish/dev-test/spanish/length-20/sp.20.74
sp.50k	../hw-lm/english_spanish/dev-test/spanish/length-20/sp.20.75
sp.50k	../hw-lm/english_spanish/dev-test/spanish/length-20/sp.20.76
sp.50k	../hw-lm/english_spanish/dev-test/spanish/length-20/sp.20.77
sp.50k	../hw-lm/english_spanish/dev-test/spanish/length-20/sp.20.78
sp.50k	../hw-lm/english_spanish/dev-test/spanish/length-20/sp.20.79
sp.50k	../hw-lm/english_spanish/dev-test/spanish/length-20/sp.20.80
sp.50k	../hw-lm/english_spanish/dev-test/spanish/length-20/sp.20.81
sp.50k	../hw-lm/english_spanish/dev-test/spanish/length-20/sp.20.82
sp.50k	../hw-lm/english_spanish/dev-test/spanish/length-20/sp.20.83
en.50k	../hw-lm/english_spanish/dev-test/spanish/length-20/sp.20.84
sp.50k	../hw-lm/english_spanish/dev-test/spanish/length-20/sp.20.85
sp.50k	../hw-lm/english_spanish/dev-test/spanish/length-20/sp.20.86
en.50k	../hw-lm/english_spanish/dev-test/spanish/length-20/sp.20.87
sp.50k	../hw-lm/english_spanish/dev-test/spanish/length-20/sp.20.88
sp.50k	../hw-lm/english_spanish/dev-test/spanish/length-20/sp.20.89
en.50k	../hw-lm/english_spanish/dev-test/spanish/length-20/sp.20.90
sp.50k	../hw-lm/english_spanish/dev-test/spanish/length-20/sp.20.91
sp.50k	../hw-lm/english_spanish/dev-test/spanish/length-20/sp.20.92
en.50k	../hw-lm/english_spanish/dev-test/spanish/length-20/sp.20.93
sp.50k	../hw-lm/english_spanish/dev-test/spanish/length-20/sp.20.94
sp.50k	../hw-lm/english_spanish/dev-test/spanish/length-20/sp.20.95
sp.50k	../hw-lm/english_spanish/dev-test/spanish/length-20/sp.20.96
sp.50k	../hw-lm/english_spanish/dev-test/spanish/length-20/sp.20.97
en.50k	../hw-lm/english_spanish/dev-test/spanish/length-20/sp.20.98
en.50k	../hw-lm/english_spanish/dev-test/spanish/length-20/sp.20.99
sp.50k	../hw-lm/english_spanish/dev-test/spanish/length-200/sp.200.30
sp.50k	../hw-lm/english_spanish/dev-test/spanish/length-200/sp.200.31
sp.50k	../hw-lm/english_spanish/dev-test/spanish/length-200/sp.200.32
sp.50k	../hw-lm/english_spanish/dev-test/spanish/length-200/sp.200.33
sp.50k	../hw-lm/english_spanish/dev-test/spanish/length-200/sp.200.34
sp.50k	../hw-lm/english_spanish/dev-test/spanish/length-200/sp.200.35
sp.50k	../hw-lm/english_spanish/dev-test/spanish/length-200/sp.200.36
sp.50k	../hw-lm/english_spanish/dev-test/spanish/length-200/sp.200.37
sp.50k	../hw-lm/english_spanish/dev-test/spanish/length-200/sp.200.38
sp.50k	../hw-lm/english_spanish/dev-test/spanish/length-200/sp.200.39
sp.50k	../hw-lm/english_spanish/dev-test/spanish/length-200/sp.200.40
sp.50k	../hw-lm/english_spanish/dev-test/spanish/length-200/sp.200.41
sp.50k	../hw-lm/english_spanish/dev-test/spanish/length-200/sp.200.42
sp.50k	../hw-lm/english_spanish/dev-test/spanish/length-200/sp.200.43
sp.50k	../hw-lm/english_spanish/dev-test/spanish/length-200/sp.200.44
sp.50k	../hw-lm/english_spanish/dev-test/spanish/length-200/sp.200.45
sp.50k	../hw-lm/english_spanish/dev-test/spanish/length-200/sp.200.46
sp.50k	../hw-lm/english_spanish/dev-test/spanish/length-200/sp.200.47
sp.50k	../hw-lm/english_spanish/dev-test/spanish/length-200/sp.200.48
sp.50k	../hw-lm/english_spanish/dev-test/spanish/length-200/sp.200.49
sp.50k	../hw-lm/english_spanish/dev-test/spanish/length-200/sp.200.50
sp.50k	../hw-lm/english_spanish/dev-test/spanish/length-200/sp.200.51
sp.50k	../hw-lm/english_spanish/dev-test/spanish/length-200/sp.200.52
sp.50k	../hw-lm/english_spanish/dev-test/spanish/length-200/sp.200.53
sp.50k	../hw-lm/english_spanish/dev-test/spanish/length-200/sp.200.54
sp.50k	../hw-lm/english_spanish/dev-test/spanish/length-200/sp.200.55
sp.50k	../hw-lm/english_spanish/dev-test/spanish/length-200/sp.200.56
sp.50k	../hw-lm/english_spanish/dev-test/spanish/length-200/sp.200.57
sp.50k	../hw-lm/english_spanish/dev-test/spanish/length-200/sp.200.58
sp.50k	../hw-lm/english_spanish/dev-test/spanish/length-200/sp.200.59
sp.50k	../hw-lm/english_spanish/dev-test/spanish/length-200/sp.200.60
sp.50k	../hw-lm/english_spanish/dev-test/spanish/length-200/sp.200.61
sp.50k	../hw-lm/english_spanish/dev-test/spanish/length-200/sp.200.62
sp.50k	../hw-lm/english_spanish/dev-test/spanish/length-200/sp.200.63
sp.50k	../hw-lm/english_spanish/dev-test/spanish/length-200/sp.200.64
sp.50k	../hw-lm/english_spanish/dev-test/spanish/length-200/sp.200.65
sp.50k	../hw-lm/english_spanish/dev-test/spanish/length-200/sp.200.66
sp.50k	../hw-lm/english_spanish/dev-test/spanish/length-200/sp.200.67
sp.50k	../hw-lm/english_spanish/dev-test/spanish/length-200/sp.200.68
sp.50k	../hw-lm/english_spanish/dev-test/spanish/length-200/sp.200.69
sp.50k	../hw-lm/english_spanish/dev-test/spanish/length-200/sp.200.70
sp.50k	../hw-lm/english_spanish/dev-test/spanish/length-200/sp.200.71
sp.50k	../hw-lm/english_spanish/dev-test/spanish/length-200/sp.200.72
sp.50k	../hw-lm/english_spanish/dev-test/spanish/length-200/sp.200.73
sp.50k	../hw-lm/english_spanish/dev-test/spanish/length-200/sp.200.74
sp.50k	../hw-lm/english_spanish/dev-test/spanish/length-200/sp.200.75
sp.50k	../hw-lm/english_spanish/dev-test/spanish/length-200/sp.200.76
sp.50k	../hw-lm/english_spanish/dev-test/spanish/length-200/sp.200.77
sp.50k	../hw-lm/english_spanish/dev-test/spanish/length-200/sp.200.78
sp.50k	../hw-lm/english_spanish/dev-test/spanish/length-200/sp.200.79
sp.50k	../hw-lm/english_spanish/dev-test/spanish/length-200/sp.200.80
sp.50k	../hw-lm/english_spanish/dev-test/spanish/length-200/sp.200.81
sp.50k	../hw-lm/english_spanish/dev-test/spanish/length-200/sp.200.82
sp.50k	../hw-lm/english_spanish/dev-test/spanish/length-200/sp.200.83
sp.50k	../hw-lm/english_spanish/dev-test/spanish/length-200/sp.200.84
sp.50k	../hw-lm/english_spanish/dev-test/spanish/length-200/sp.200.85
sp.50k	../hw-lm/english_spanish/dev-test/spanish/length-200/sp.200.86
sp.50k	../hw-lm/english_spanish/dev-test/spanish/length-200/sp.200.87
sp.50k	../hw-lm/english_spanish/dev-test/spanish/length-200/sp.200.88
sp.50k	../hw-lm/english_spanish/dev-test/spanish/length-200/sp.200.89
sp.50k	../hw-lm/english_spanish/dev-test/spanish/length-200/sp.200.90
sp.50k	../hw-lm/english_spanish/dev-test/spanish/length-200/sp.200.91
sp.50k	../hw-lm/english_spanish/dev-test/spanish/length-200/sp.200.92
en.50k	../hw-lm/english_spanish/dev-test/spanish/length-200/sp.200.93
sp.50k	../hw-lm/english_spanish/dev-test/spanish/length-200/sp.200.94
sp.50k	../hw-lm/english_spanish/dev-test/spanish/length-200/sp.200.95
sp.50k	../hw-lm/english_spanish/dev-test/spanish/length-200/sp.200.96
sp.50k	../hw-lm/english_spanish/dev-test/spanish/length-200/sp.200.97
sp.50k	../hw-lm/english_spanish/dev-test/spanish/length-200/sp.200.98
sp.50k	../hw-lm/english_spanish/dev-test/spanish/length-200/sp.200.99
sp.50k	../hw-lm/english_spanish/dev-test/spanish/length-50/sp.50.30
sp.50k	../hw-lm/english_spanish/dev-test/spanish/length-50/sp.50.31
sp.50k	../hw-lm/english_spanish/dev-test/spanish/length-50/sp.50.32
sp.50k	../hw-lm/english_spanish/dev-test/spanish/length-50/sp.50.33
sp.50k	../hw-lm/english_spanish/dev-test/spanish/length-50/sp.50.34
sp.50k	../hw-lm/english_spanish/dev-test/spanish/length-50/sp.50.35
sp.50k	../hw-lm/english_spanish/dev-test/spanish/length-50/sp.50.36
sp.50k	../hw-lm/english_spanish/dev-test/spanish/length-50/sp.50.37
sp.50k	../hw-lm/english_spanish/dev-test/spanish/length-50/sp.50.38
sp.50k	../hw-lm/english_spanish/dev-test/spanish/length-50/sp.50.39
sp.50k	../hw-lm/english_spanish/dev-test/spanish/length-50/sp.50.40
en.50k	../hw-lm/english_spanish/dev-test/spanish/length-50/sp.50.41
sp.50k	../hw-lm/english_spanish/dev-test/spanish/length-50/sp.50.42
sp.50k	../hw-lm/english_spanish/dev-test/spanish/length-50/sp.50.43
en.50k	../hw-lm/english_spanish/dev-test/spanish/length-50/sp.50.44
sp.50k	../hw-lm/english_spanish/dev-test/spanish/length-50/sp.50.45
sp.50k	../hw-lm/english_spanish/dev-test/spanish/length-50/sp.50.46
sp.50k	../hw-lm/english_spanish/dev-test/spanish/length-50/sp.50.47
sp.50k	../hw-lm/english_spanish/dev-test/spanish/length-50/sp.50.48
sp.50k	../hw-lm/english_spanish/dev-test/spanish/length-50/sp.50.49
sp.50k	../hw-lm/english_spanish/dev-test/spanish/length-50/sp.50.50
sp.50k	../hw-lm/english_spanish/dev-test/spanish/length-50/sp.50.51
sp.50k	../hw-lm/english_spanish/dev-test/spanish/length-50/sp.50.52
sp.50k	../hw-lm/english_spanish/dev-test/spanish/length-50/sp.50.53
sp.50k	../hw-lm/english_spanish/dev-test/spanish/length-50/sp.50.54
sp.50k	../hw-lm/english_spanish/dev-test/spanish/length-50/sp.50.55
sp.50k	../hw-lm/english_spanish/dev-test/spanish/length-50/sp.50.56
sp.50k	../hw-lm/english_spanish/dev-test/spanish/length-50/sp.50.57
sp.50k	../hw-lm/english_spanish/dev-test/spanish/length-50/sp.50.58
sp.50k	../hw-lm/english_spanish/dev-test/spanish/length-50/sp.50.59
sp.50k	../hw-lm/english_spanish/dev-test/spanish/length-50/sp.50.60
sp.50k	../hw-lm/english_spanish/dev-test/spanish/length-50/sp.50.61
sp.50k	../hw-lm/english_spanish/dev-test/spanish/length-50/sp.50.62
sp.50k	../hw-lm/english_spanish/dev-test/spanish/length-50/sp.50.63
sp.50k	../hw-lm/english_spanish/dev-test/spanish/length-50/sp.50.64
sp.50k	../hw-lm/english_spanish/dev-test/spanish/length-50/sp.50.65
sp.50k	../hw-lm/english_spanish/dev-test/spanish/length-50/sp.50.66
sp.50k	../hw-lm/english_spanish/dev-test/spanish/length-50/sp.50.67
sp.50k	../hw-lm/english_spanish/dev-test/spanish/length-50/sp.50.68
sp.50k	../hw-lm/english_spanish/dev-test/spanish/length-50/sp.50.69
sp.50k	../hw-lm/english_spanish/dev-test/spanish/length-50/sp.50.70
en.50k	../hw-lm/english_spanish/dev-test/spanish/length-50/sp.50.71
sp.50k	../hw-lm/english_spanish/dev-test/spanish/length-50/sp.50.72
sp.50k	../hw-lm/english_spanish/dev-test/spanish/length-50/sp.50.73
sp.50k	../hw-lm/english_spanish/dev-test/spanish/length-50/sp.50.74
sp.50k	../hw-lm/english_spanish/dev-test/spanish/length-50/sp.50.75
sp.50k	../hw-lm/english_spanish/dev-test/spanish/length-50/sp.50.76
sp.50k	../hw-lm/english_spanish/dev-test/spanish/length-50/sp.50.77
sp.50k	../hw-lm/english_spanish/dev-test/spanish/length-50/sp.50.78
sp.50k	../hw-lm/english_spanish/dev-test/spanish/length-50/sp.50.79
sp.50k	../hw-lm/english_spanish/dev-test/spanish/length-50/sp.50.80
sp.50k	../hw-lm/english_spanish/dev-test/spanish/length-50/sp.50.81
sp.50k	../hw-lm/english_spanish/dev-test/spanish/length-50/sp.50.82
sp.50k	../hw-lm/english_spanish/dev-test/spanish/length-50/sp.50.83
sp.50k	../hw-lm/english_spanish/dev-test/spanish/length-50/sp.50.84
sp.50k	../hw-lm/english_spanish/dev-test/spanish/length-50/sp.50.85
sp.50k	../hw-lm/english_spanish/dev-test/spanish/length-50/sp.50.86
sp.50k	../hw-lm/english_spanish/dev-test/spanish/length-50/sp.50.87
en.50k	../hw-lm/english_spanish/dev-test/spanish/length-50/sp.50.88
sp.50k	../hw-lm/english_spanish/dev-test/spanish/length-50/sp.50.89
sp.50k	../hw-lm/english_spanish/dev-test/spanish/length-50/sp.50.90
sp.50k	../hw-lm/english_spanish/dev-test/spanish/length-50/sp.50.91
sp.50k	../hw-lm/english_spanish/dev-test/spanish/length-50/sp.50.92
sp.50k	../hw-lm/english_spanish/dev-test/spanish/length-50/sp.50.93
sp.50k	../hw-lm/english_spanish/dev-test/spanish/length-50/sp.50.94
sp.50k	../hw-lm/english_spanish/dev-test/spanish/length-50/sp.50.95
sp.50k	../hw-lm/english_spanish/dev-test/spanish/length-50/sp.50.96
sp.50k	../hw-lm/english_spanish/dev-test/spanish/length-50/sp.50.97
sp.50k	../hw-lm/english_spanish/dev-test/spanish/length-50/sp.50.98
sp.50k	../hw-lm/english_spanish/dev-test/spanish/length-50/sp.50.99
sp.50k	../hw-lm/english_spanish/dev-test/spanish/length-500/sp.500.30
sp.50k	../hw-lm/english_spanish/dev-test/spanish/length-500/sp.500.31
sp.50k	../hw-lm/english_spanish/dev-test/spanish/length-500/sp.500.32
sp.50k	../hw-lm/english_spanish/dev-test/spanish/length-500/sp.500.33
sp.50k	../hw-lm/english_spanish/dev-test/spanish/length-500/sp.500.34
sp.50k	../hw-lm/english_spanish/dev-test/spanish/length-500/sp.500.35
sp.50k	../hw-lm/english_spanish/dev-test/spanish/length-500/sp.500.36
sp.50k	../hw-lm/english_spanish/dev-test/spanish/length-500/sp.500.37
sp.50k	../hw-lm/english_spanish/dev-test/spanish/length-500/sp.500.38
sp.50k	../hw-lm/english_spanish/dev-test/spanish/length-500/sp.500.39
sp.50k	../hw-lm/english_spanish/dev-test/spanish/length-500/sp.500.40
sp.50k	../hw-lm/english_spanish/dev-test/spanish/length-500/sp.500.41
sp.50k	../hw-lm/english_spanish/dev-test/spanish/length-500/sp.500.42
sp.50k	../hw-lm/english_spanish/dev-test/spanish/length-500/sp.500.43
en.50k	../hw-lm/english_spanish/dev-test/spanish/length-500/sp.500.44
sp.50k	../hw-lm/english_spanish/dev-test/spanish/length-500/sp.500.45
sp.50k	../hw-lm/english_spanish/dev-test/spanish/length-500/sp.500.46
sp.50k	../hw-lm/english_spanish/dev-test/spanish/length-500/sp.500.47
sp.50k	../hw-lm/english_spanish/dev-test/spanish/length-500/sp.500.48
sp.50k	../hw-lm/english_spanish/dev-test/spanish/length-500/sp.500.49
351 files were more probably en.50k (47.49661705006766%)
388 files were more probably sp.50k (52.50338294993234%)
